|SourceProjectName:SchoolMessenger ASP Plus.hpr
|DestinationProjectName:schoolmessenger_help.htm
whhost.js
whmsg.js
whmozemu.js
whproxy.js
whstub.js
whutils.js
whver.js
whform.js
whphost.js
whstart.js
whtopic.js
whframes.js
whlang.js
whskin_info.htm
whskin_blank.htm
whskin_pickup.htm
whskin_homepage.htm
whskin_tw.htm
whnjs.htm
whthost.js
whtdhtml.htm
whihost.js
whibody.htm
whiform.htm
whfhost.js
whfbody.htm
whfform.htm
whghost.js
whgbody.htm
whgdhtml.htm
whgdef.htm
whproj.js
whproj.xml
whproj.htm
whxdata\whtoc.xml
whxdata\whidx.xml
whxdata\whfts.xml
whxdata\whglo.xml
whdata\whtoc.js
whdata\whtoc.htm
whdata\whtdata.js
whdata\whidx.js
whdata\whidx.htm
whdata\whidata.js
whdata\whfts.js
whdata\whfts.htm
whdata\whglo.js
whdata\whglo.htm
whdata\whgdata.js
whdata\whftdata.js
whdata\whfwdata.js
whres.xml
webhelp.jar
webhelp.cab
whgdata\whnvp30.htm
whgdata\whnvp31.htm
whgdata\whnvp32.htm
whgdata\whnvp33.htm
whgdata\whnvt30.htm
whgdata\whnvt31.htm
whgdata\whnvt32.htm
whgdata\whnvt33.htm
whgdata\whnvf30.htm
whgdata\whnvf31.htm
whgdata\whnvf32.htm
whgdata\whnvf33.htm
whgdata\whnvl31.htm
whgdata\whnvl32.htm
whgdata\whnvl33.htm
whgdata\whexpbar.gif
cshdat_webhelp.htm
whcsh_home.htm
whcshdata.htm
cshdat_robohelp.htm
wht_tab0.gif
wht_tab1.gif
wht_tab2.gif
wht_tab3.gif
wht_tab4.gif
wht_tab5.gif
wht_tab6.gif
wht_tab7.gif
wht_tab8.gif
wht_glo_h.gif
wht_glo_n.gif
wht_fts_h.gif
wht_fts_n.gif
wht_idx_h.gif
wht_idx_n.gif
wht_toc_h.gif
wht_toc_n.gif
wht_ws.gif
wht_ws_g.gif
wht_logo1.gif
wht_logo2.gif
wht_abgw.jpg
wht_abgi.jpg
wht_abge.jpg
wht_abtw.jpg
wht_abte.jpg
wht_abti.jpg
wht_spac.gif
wht_next.gif
wht_next_g.gif
wht_prev.gif
wht_prev_g.gif
wht_sync.gif
wht_hide.gif
wht_go.gif
whstart.ico
whestart.ico
whrstart.ico
whidhtml.htm
whfdhtml.htm
whskin_banner.htm
whtbar.js
contentsactive.gif
contentsneutral.gif
indexactive.gif
indexneutral.gif
searchactive.gif
searchneutral.gif
chr_glo_on.gif
chr_glo_out.gif
chr_search.gif
logobutton.gif
vertgradient.gif
logo.gif
chr_arrow_le_out.gif
chr_arrow_le_on.gif
chr_arrow_ri_out.gif
chr_arrow_ri_on.gif
chr_sync.gif
chr_hide.gif
chr_webpage.gif
chr_book_clo.gif
chr_book_op.gif
chr_page.gif
whskin_pdhtml.htm
whskin_papplet.htm
whskin_plist.htm
whskin_tbars.htm
whskin_mbars.htm
whskin_frmset010.htm
whst_topics.xml
whskin_frmset01.htm
schoolmessenger_help_hha.hhk
schoolmessenger_help.hhc
schoolmessenger_help.hhk
creating_a_list\adding_people_by_searching.htm
creating_a_list\adding_people_from_your_address_book.htm
creating_a_list\adding_people_manually.htm
creating_a_list\adding_people_using_rules.htm
creating_a_list\creating_a_new_list.htm
creating_a_list\editing_or_deleting_an_existing_list.htm
creating_a_list\listsoverview.htm
creating_a_list\removing_individuals_from_your_list.htm
creating_a_list\the_list_editor_screen.htm
creating_a_list\uploading_a_list_from_your_computer.htm
creating_a_message\creating_a_new_email_message.htm
creating_a_message\creating_a_simple_phone_message.htm
creating_a_message\creating_an_advanced_phone_message.htm
creating_a_message\creating_an_sms_message.htm
creating_a_message\editing_or_deleting_an_existing_message.htm
creating_a_message\messageoverview.htm
creating_a_message\the_audio_file_library.htm
creating_a_notification_job\creating_a_job_with_easycall.htm
creating_a_notification_job\creating_a_new_job.htm
creating_a_notification_job\creating_a_repeating_job.htm
creating_a_notification_job\editing_an_existing_job.htm
creating_a_notification_job\jobsoverview.htm
creating_a_notification_job\sending_an_sms_job.htm
creating_a_survey_job\building_a_survey_template.htm
creating_a_survey_job\important_tips_for_creating_surveys.htm
creating_a_survey_job\more_on_web_survey_template_features.htm
creating_a_survey_job\scheduling_a_survey_job.htm
creating_a_survey_job\survey_overview.htm
getting_started\emergency_preparedness.htm
getting_started\getting_started.htm
getting_started\managing_your_account_settings.htm
getting_started\message_tips_and_ideas.htm
getting_started\new_features.htm
getting_started\the_start_page.htm
receiving_responses\enabling_the_voice_response_option.htm
receiving_responses\reviewing_your_response_messages.htm
remote_telephone_access\remote_telephone_access_overview.htm
remote_telephone_access\remotely_create_a_multilingual_job.htm
remote_telephone_access\remotely_create_a_single_language_job.htm
reports\call_distribution_report.htm
reports\contact_history_report.htm
reports\querying_report_data.htm
reports\reports.htm
reports\saving_and_scheduling_reports.htm
reports\sms_reports.htm
reports\standard_job_reports.htm
reports\survey_job_reports.htm
reports\understanding_call_logs.htm
reports\usage_stats_report.htm
step-by-step_guides\step-by-step_create_a_list.htm
step-by-step_guides\step-by-step_send_a_call_job.htm
step-by-step_guides\step-by-step_send_a_phone_and_email_job.htm
step-by-step_guides\step-by-step_send_an_email_job.htm
the_admin_tab\contact_settings.htm
the_admin_tab\managing_access_profiles.htm
the_admin_tab\managing_systemwide_settings.htm
the_admin_tab\managing_user_accounts.htm
the_admin_tab\the_import_manager.htm
the_admin_tab\the_metadata_manager.htm
the_contact_manager\bulk_activation_code_management.htm
the_contact_manager\contact_manager_overview.htm
the_contact_manager\generate_an_individual_activation_code.htm
the_system_tab\blocking_phone_numbers.htm
the_system_tab\systemwide_reports.htm
the_system_tab\the_contact_database.htm
the_system_tab\viewing_and_editing_contact_details.htm
creating_a_survey.pdf
creating_a_web_survey.pdf
new_user_training_guide.pdf
remoteaccesspocketguide.pdf
robohhre.lng
schoolmessenger_new_user_training_guide.pdf
schoolmessenger_help.glo
help.css
contactsettingshome.gif
smsmessageeditor.gif
detailsicon.gif
reportsaveschedule.gif
jobacceptresponses.gif
surveycreatetemplatebutton.gif
listeditoradditions.gif
callmetorecord.gif
usereditor.gif
metadatamanager.gif
phonemessageeditor.gif
listbuilder.gif
accountsettings.gif
contactsettingsdestlabelpho.gif
reportemaillog.gif
importeditor.gif
uploadlistscreen.gif
messagebuilder.gif
addressbook.gif
contactsettingsdestlabelsms.gif
contactsettingsdestlabeleml.gif
reportbuildercontacthistory.gif
surveyreportdetails.gif
listeditorsearchdatabase.gif
accessprofileconfigure.gif
uploadlistpreview.gif
jobsreviewandconfirm.gif
easycalldialer.gif
reportcalldistribution.gif
reportnotificationsavesched.gif
surveysamplewebpage.gif
surveyscheduler.gif
emailmessageeditor.gif
reportnotificationsummary.gif
repeatingjobeditor.gif
listeditormanualaddbutton.gif
callmenamemessages.gif
surveyreportwithdatachart.gif
repeatingjobs.gif
uploadaudiofile.gif
reportbuilderemaillog.gif
dataimportmanager.gif
easycallscreen.gif
listrules.gif
smslog.gif
reportbuilder.gif
completedjobs.gif
listeditorskip.gif
listeditorbuttons.gif
easycallstart.gif
reportbuildersurveyreport.gif
startpage.gif
systemcontacts.gif
listinformation.gif
reportpendingjob.gif
listeditormanualadd.gif
contactdetails.gif
reportusagestats.gif
jobwithactions.gif
blockednumbers.gif
listsearch1.gif
reportcontacthistory.gif
reportbuilderphonelog.gif
responsereplywindow.gif
listeditor.gif
listsearch2.gif
helpmark.gif
examplealldistattendace.gif
phonelog.gif
jobeditor.gif
globalsystemsettings.gif
easycallsubmitjob.gif
important.gif
activationcodemanager.gif
userlist.gif
activependingjobs.gif
listmanualadd.gif
contactsettingsjobtypeedtr.gif
reportsmsjob.gif
reportstimedistribution.gif
responsetab.gif
surveytemplateeditorwebopti.gif
removesearchscreen.gif
listeditorrules.gif
contactsettingshomenocm.gif
contactsettingsjobtypemngr.gif
importfieldmapping.gif
removepreviewscreen.gif
jobeditoremail.gif
activationcodemanagerperson.gif
smsjobeditor.gif
exampledisconnectednumbers.gif
reportsnotificationsumm.gif
accessprofiles.gif
surveytemplateeditor.gif
surveyconfirmation.gif
listeditorupload.gif
jobeditorsettings.gif
notificationjobs.gif
audiofilelibrary.gif
listeditoraddressbook.gif
schoolmessenger_help.ppf
ehlpdhtm.js
help_ns.css
whxdata\whtdata0.xml
whxdata\whidata0.xml
whxdata\whidata1.xml
whxdata\whidata2.xml
whxdata\whidata3.xml
whxdata\whftdata0.xml
whxdata\whfwdata0.xml
whxdata\whfwdata1.xml
whxdata\whfwdata2.xml
whxdata\whfwdata3.xml
whxdata\whfwdata4.xml
whxdata\whfwdata5.xml
whxdata\whfwdata6.xml
whdata\whtdata0.htm
whdata\whidata0.htm
whdata\whidata1.htm
whdata\whidata2.htm
whdata\whidata3.htm
whdata\whftdata0.htm
whdata\whfwdata0.htm
whdata\whfwdata1.htm
whdata\whfwdata2.htm
whdata\whfwdata3.htm
whdata\whfwdata4.htm
whdata\whfwdata5.htm
whdata\whfwdata6.htm
whgdata\whlstt0.htm
whgdata\whlstt1.htm
whgdata\whlstt2.htm
whgdata\whlstt3.htm
whgdata\whlstt4.htm
whgdata\whlstt5.htm
whgdata\whlstt6.htm
whgdata\whlstt7.htm
whgdata\whlstt8.htm
whgdata\whlstt9.htm
whgdata\whlstt10.htm
whgdata\whlstt11.htm
whgdata\whlstt12.htm
whgdata\whlsti0.htm
whgdata\whlsti1.htm
whgdata\whlstfl0.htm
whgdata\whlstfl1.htm
whgdata\whlstfl2.htm
whgdata\whlstfl3.htm
whgdata\whlstfl4.htm
whgdata\whlstfl5.htm
whgdata\whlstfl6.htm
whgdata\whlstfl7.htm
whgdata\whlstfl8.htm
whgdata\whlstfl9.htm
whgdata\whlstfl10.htm
whgdata\whlstfl11.htm
whgdata\whlstfl12.htm
whgdata\whlstfl13.htm
whgdata\whlstfl14.htm
whgdata\whlstfl15.htm
whgdata\whlstfl16.htm
whgdata\whlstfl17.htm
whgdata\whlstfl18.htm
whgdata\whlstfl19.htm
whgdata\whlstfl20.htm
whgdata\whlstfl21.htm
whgdata\whlstfl22.htm
whgdata\whlstf0.htm
whgdata\whlstf1.htm
whgdata\whlstf2.htm
whgdata\whlstf3.htm
whgdata\whlstf4.htm
whgdata\whlstf5.htm
whgdata\whlstf6.htm
whgdata\whlstf7.htm
whgdata\whlstf8.htm
whgdata\whlstf9.htm
whgdata\whlstf10.htm
whgdata\whlstf11.htm
whgdata\whlstf12.htm
whgdata\whlstf13.htm
whgdata\whlstf14.htm
whgdata\whlstf15.htm
whgdata\whlstf16.htm
whgdata\whlstf17.htm
whgdata\whlstf18.htm
whgdata\whlstf19.htm
whgdata\whlstg0.htm
schoolmessenger_help.htm
schoolmessenger_help_csh.htm
schoolmessenger_help_rhc.htm
