|SourceProjectName:SchoolMessenger v11.hpr
|DestinationProjectName:Index.htm
whhost.js
whmsg.js
whmozemu.js
whutils.js
whproxy.js
whstub.js
whver.js
whform.js
whphost.js
whstart.js
whtopic.js
whframes.js
whlang.js
XmlReadHelper.js
whskin_info.htm
whskin_blank.htm
whskin_pickup.htm
whskin_homepage.htm
whskin_tw.htm
whnjs.htm
whthost.js
whtdhtml.htm
whihost.js
whibody.htm
whiform.htm
whfhost.js
whfbody.htm
whfform.htm
whghost.js
whgbody.htm
whgdhtml.htm
whgdef.htm
whproj.js
whproj.htm
whdata\whtoc.js
whdata\whtoc.htm
whdata\whtdata.js
whdata\whidx.js
whdata\whidx.htm
whdata\whidata.js
whdata\whglo.js
whdata\whglo.htm
whdata\whgdata.js
whgdata\whnvp30.htm
whgdata\whnvp31.htm
whgdata\whnvp32.htm
whgdata\whnvp33.htm
whgdata\whnvt30.htm
whgdata\whnvt31.htm
whgdata\whnvt32.htm
whgdata\whnvt33.htm
whgdata\whnvf30.htm
whgdata\whnvf31.htm
whgdata\whnvf32.htm
whgdata\whnvf33.htm
whgdata\whnvl31.htm
whgdata\whnvl32.htm
whgdata\whnvl33.htm
whgdata\whexpbar.gif
cshdat_webhelp.htm
whcsh_home.htm
whcshdata.js
cshdat_robohelp.htm
wht_tab0.gif
wht_tab1.gif
wht_tab2.gif
wht_tab3.gif
wht_tab4.gif
wht_tab5.gif
wht_tab6.gif
wht_tab7.gif
wht_tab8.gif
wht_glo_h.gif
wht_glo_n.gif
wht_fts_h.gif
wht_fts_n.gif
wht_idx_h.gif
wht_idx_n.gif
wht_toc_h.gif
wht_toc_n.gif
wht_ws.gif
wht_ws_g.gif
wht_logo1.gif
wht_logo2.gif
wht_abgw.jpg
wht_abgi.jpg
wht_abge.jpg
wht_abtw.jpg
wht_abte.jpg
wht_abti.jpg
wht_spac.gif
wht_next.gif
wht_next_g.gif
wht_prev.gif
wht_prev_g.gif
wht_sync.gif
wht_hide.gif
wht_go.gif
whstart.ico
whestart.ico
whrstart.ico
whidhtml.htm
whfdhtml.htm
whskin_banner.htm
whtbar.js
book_open.png
book_go.png
magnifier.png
magnifier__arrow.png
navbackgound.gif
sidebar_grey.gif
world_link.png
book.png
page_white.png
whskin_pdhtml.htm
whskin_plist.htm
whskin_tbars.htm
whskin_mbars.htm
whskin_frmset010.htm
whst_topics.xml
whskin_frmset01.htm
Index_hha.hhk
Index.hhc
Index.hhk
Broadcasts\Broadcast_Templates.htm
Classroom_Messaging\Classroom_Messaging_Overview.htm
Classroom_Messaging\Classroom_Messaging_Reports.htm
Classroom_Messaging\Creating_Custom_Comments.htm
Classroom_Messaging\Editing_Classroom_Comments.htm
Classroom_Messaging\Managing_Comments.htm
Classroom_Messaging\Scheduling_Classroom_Messaging.htm
Custom_Mobile_App_Integration\About_Custom_Mobile_Apps.htm
Custom_Mobile_App_Integration\Mapping_App_Categories_to_RSS_Feeds.htm
Custom_Mobile_App_Integration\Sending_Push_Notifications.htm
Email_Tracking\Maximizing_Data.htm
Email_Tracking\Overview.htm
Getting_Started\Send_a_Basic_Message.htm
Getting_Started\Start_Page.htm
Getting_Started\Welcome.htm
Lists\Add_Groups_Using_Rules.htm
Lists\Create_a_List.htm
Lists\Overview.htm
Lists\Publish_and_Subscribe_Overview.htm
Lists\Upload_a_List.htm
Message_Builder\Create_a_Message.htm
Message_Builder\Email_Message_Content.htm
Message_Builder\Facebook_Message_Content.htm
Message_Builder\Overview.htm
Message_Builder\Page_Message_Content.htm
Message_Builder\Phone_Message_Content.htm
Message_Builder\Publish_and_Subscribe_-_Messages.htm
Message_Builder\RSS_Feed_Content.htm
Message_Builder\SMS_Message_Content.htm
Message_Builder\Twitter_Message_Content.htm
PDFs\PDF_Guides.htm
Quick_Tip\About_Quick_Tip.htm
Quick_Tip\Managing_User_Access.htm
Quick_Tip\Topic_Management.htm
Quick_Tip\Viewing_Tips.htm
Remote_Telephone_Access\Remote_Telephone_Access_Overview.htm
Remote_Telephone_Access\Remotely_Create_a_Multilingual_Job.htm
Remote_Telephone_Access\Remotely_Create_a_Single_Language_Job.htm
Reports\Call_Distribution_Report.htm
Reports\Contact_History_Report.htm
Reports\Email_Logs.htm
Reports\Querying_Report_Data.htm
Reports\Reports.htm
Reports\Saving_and_Scheduling_Reports.htm
Reports\SMS_Logs.htm
Reports\Social_Media_Logs.htm
Reports\Standard_Job_Reports.htm
Reports\Survey_Job_Reports.htm
Reports\Understanding_Call_Logs.htm
Reports\Usage_Stats_Report.htm
RSS_Syndication\Configuring_Your_RSS_Feed.htm
RSS_Syndication\Posting_to_an_RSS_Feed.htm
Secure_Document_Delivery\About_Secure_Document_Delivery.htm
Secure_Document_Delivery\Creating_a_New_Document.htm
Secure_Document_Delivery\Delivering_a_Document.htm
Sending_Emails\Email_Formatting.htm
SMS_Messaging\About_SMS_Messaging.htm
SMS_Messaging\Before_You_Send_an_SMS.htm
Social_Media\Creating_Pages.htm
Social_Media\Facebook.htm
Social_Media\Managing_Pages.htm
Social_Media\Twitter.htm
Stationery\Email_Stationery.htm
Stationery\Email_Stationery_Overview.htm
Stationery\Using_Stationery_in_Emails.htm
Surveys\Important_Tips_for_Creating_Surveys.htm
Surveys\Survey_Overview.htm
System_Administration\Data_Imports\The_Import_Manager.htm
System_Administration\Intro_Messages\Customizing_Intro_Messages.htm
System_Administration\Job_Monitoring\Notification_Monitoring.htm
System_Administration\Organization_Management\Managing_Organizations.htm
System_Administration\SmartCall\Using_SmartCall.htm
System_Administration\Subscriber_Feat\Configuring_the_Subscriber_Feature.htm
System_Administration\Subscriber_Feat\Setting_Up_Subscriber_Fields.htm
System_Administration\System_Settings\Blocking_Email_Addresses.htm
System_Administration\System_Settings\Blocking_Phone_Numbers.htm
System_Administration\System_Settings\Destination_Labels.htm
System_Administration\System_Settings\Job.htm
System_Administration\System_Settings\Managing_Caller_IDs.htm
System_Administration\System_Settings\System.htm
System_Administration\User_Management\Managing_Access_Profiles.htm
System_Administration\User_Management\Managing_User_Accounts.htm
Systemwide_Reports_and_Contacts\Systemwide_Reports.htm
Systemwide_Reports_and_Contacts\The_Contact_Database.htm
Systemwide_Reports_and_Contacts\Viewing_and_Editing_Contact_Details.htm
Tips_for_Effective_Communication\Communication_Ideas.htm
Tips_for_Effective_Communication\Messaging_Tips.htm
Tips_for_Effective_Communication\Simple_Message_Templates.htm
Advanced_Training.pdf
Configuring+Cisco+Caller+ID.pdf
Creating_a_Survey.pdf
Getting_Started.pdf
Quick_Start_for_New-Users.pdf
RemoteAccessPocketGuide.pdf
System_Administrator_Training_for_SchoolMessenger.pdf
Index.glo
main.css
AddNewContactButton01.png
BroadcastTemplatesonDashBoa.jpg
AdminSettingsBroadcastSet.jpg
AdminSettingsDisableRepeati.jpg
SMSLogOptions.jpg
SaveScheduleReport.jpg
SubscribeList02.jpg
IDUploadMessage01.png
AdminSettingsSecurity.jpg
BroadcastReoprtSelect.jpg
Page.jpg
AddFB.jpg
UploadList_PreviewMapping01.jpg
ListEditor_AdditionalListTools01.jpg
ListEditorStep4.jpg
AdminCustomerDisplaySetting.jpg
AdminSettingsAlertMessage.jpg
BroadcastWizAddRecip.jpg
AddHTMLEmail.jpg
exclamation.png
ContinueButton01.jpg
AddMeButton01.jpg
TemplateEditor.jpg
AdminProfiles.jpg
PasteFromWordButton.jpg
BroadcastTipView.jpg
QuickTipTopicManager.jpg
FeedWidgetGen.jpg
FeedCategories.jpg
ReportBuilder.jpg
PhoneLog.jpg
EmailLog.jpg
TwitterMessEditor.jpg
MessageEditor.jpg
MessageBuilder.jpg
ListBuilder01.jpg
BroadcastWizAddRecipCustRules01.jpg
AdminImportFieldMapping.jpg
QuickTipSubmission.jpg
Dashboard.jpg
FacebookLink.gif
add.png
AdminSettingsEmailLabel.jpg
StationeryNewBannerText.jpg
StationeryThemeControls.jpg
SocialMediaLog.jpg
ListBuilder-NoLists01.jpg
NewBroadcastButton.png
SmartCallRoutePlan.jpg
SmartCallResourceSchedule.jpg
AdminSettingsDisplay.jpg
AdminImportNewImport.jpg
MessageContentGrid.jpg
MyAddressBook_SelectContacts01.jpg
MyAddressBook_Edit-Delete01.jpg
MyAddressBook_AddContact01.jpg
SmartCallStatus.jpg
EmailBlockedList.jpg
AdminFieldDefinitions.jpg
StationeryUsingInEmail.jpg
StationeryChangeImage.jpg
CMA-MapCategoriesToFeeds.jpg
EmailLogOptions.jpg
AddNewListButton01.png
SmartCallAuthAppliances.jpg
AdminImportInfo.jpg
StationerySelectingLayout.jpg
SDD-CreateNewDoc.jpg
CMA-CreatePushContent.jpg
ReportsUsageStats.jpg
MessageEditorPage.jpg
ListEditor_PreviewBandList01.jpg
ClassroomMessageEditor.jpg
ClassroomMessagingMain.jpg
AdminPhoneLabels.jpg
StationeryFrozenBannerText.jpg
StationeryThemeControlsEdit.jpg
StationeryImageButton.jpg
StationeryThemeManager.jpg
LinksNextToBroadcast.jpg
BroadcastWiz3.jpg
BroadcastWiz2.jpg
BroadcastWiz1.jpg
GreenPlusIcon.jpg
ListEditorSteps_ListContentFinished01.jpg
ClassroomMessageMainReport.jpg
ClassroomMessagingPickComme.jpg
AdminSettingsSMSLabels.jpg
SelfSignupSelectField.jpg
AddSMS.jpg
PreviewButton01.jpg
BlockedDestinations.jpg
ContactHistoryReportOptions.jpg
AddFeed.jpg
SaveButton01.png
NextButton01.png
ListBuilder-Lists01.jpg
UploadList01.jpg
DoneButton01.png
ListEditorSteps456and7.jpg
ClassroomMessagingTemplate.jpg
ClassroomMessagingSummary2.jpg
ClassroomMessagingSummary1.jpg
BroadcastTemplatesBuilder.jpg
PhoneBlockedList.jpg
AdminUsers.jpg
PhoneLogOptions.jpg
ReportCallDistribution.jpg
light_bulb__exclamation.png
ListEditor_ListAddSkip01.jpg
SearchResults01.jpg
AddButton01.png
SaveListButton01.jpg
AdminUsersUserInformation.jpg
OrganizationManager.jpg
StationeryMessageBuilderPub.jpg
MessageBuilderStationery.jpg
SystemwideContactDetailIcon.gif
ReportsTimeDistribution.gif
SMSLog.jpg
important.gif
ListEditor_TargetRecipients01.jpg
ListEditorStep1and2.jpg
ClassroomMessagingContactHi.jpg
AdminAddBroadcastType.jpg
AdminSettingsMain.jpg
SocialMediaOptions.jpg
SystemContactEditContact.jpg
SDD-CreateDeliveryEmail.jpg
FeedWidgetFinal.jpg
SubscribeList01.jpg
PublishList05.jpg
PublishList03.jpg
PublishList02.jpg
PublishList01.jpg
UploadList_MatchedIDs01.jpg
SavePhoneMessageButton01.jpg
DeleteListButton01.jpg
ViewListButton01.jpg
SelfSignup1.jpg
SelfSignup2.jpg
SelfSignupAvailableFields.jpg
AdminImports.jpg
StationeryWithNewImage.jpg
FeedURLGenerator.jpg
SurveyResults.jpg
ListEditorStep3.jpg
RecordingSavedEnglish01.jpg
ClassroomMessagingManager.jpg
AdminBroadcastTypes.jpg
SelfSignupDefineData.jpg
StationeryEditingAnEmail.jpg
StationeryNewColors.jpg
SystemContacts.jpg
SDD-MyDocs.jpg
SurveyReport.jpg
AddPhoneWizardTTS4.jpg
AddPhoneWizardTTS3.jpg
RoboHHRE.lng
ehlpdhtm.js
SearchOptions.xml
Index.ppf
whxdata\package_0_xml.js
whxdata\package_1_xml.js
whxdata\package_2_xml.js
whxdata\package_3_xml.js
whxdata\package_4_xml.js
whxdata\package_5_xml.js
whxdata\package_6_xml.js
whxdata\package_7_xml.js
whxdata\package_8_xml.js
whxdata\package_9_xml.js
whxdata\package_10_xml.js
whxdata\package_11_xml.js
whxdata\package_12_xml.js
whxdata\package_13_xml.js
whxdata\package_14_xml.js
whxdata\package_15_xml.js
whxdata\package_16_xml.js
whxdata\package_17_xml.js
whxdata\package_18_xml.js
whxdata\package_19_xml.js
whxdata\package_20_xml.js
whxdata\package_21_xml.js
whxdata\package_22_xml.js
whxdata\package_23_xml.js
whxdata\package_24_xml.js
whxdata\package_25_xml.js
whxdata\package_26_xml.js
whxdata\package_27_xml.js
whxdata\package_28_xml.js
whxdata\package_29_xml.js
whxdata\package_30_xml.js
whxdata\package_31_xml.js
whxdata\package_32_xml.js
whxdata\package_33_xml.js
whxdata\package_34_xml.js
whxdata\package_35_xml.js
whxdata\package_36_xml.js
whxdata\package_37_xml.js
whxdata\package_38_xml.js
whxdata\package_39_xml.js
whxdata\package_40_xml.js
whxdata\package_41_xml.js
whxdata\package_42_xml.js
whxdata\package_43_xml.js
whxdata\package_44_xml.js
whxdata\package_45_xml.js
whxdata\package_46_xml.js
whxdata\package_47_xml.js
whxdata\package_48_xml.js
whxdata\package_49_xml.js
whxdata\package_50_xml.js
whxdata\package_51_xml.js
whxdata\package_52_xml.js
whxdata\package_53_xml.js
whxdata\package_54_xml.js
whxdata\package_55_xml.js
whxdata\package_56_xml.js
whxdata\package_57_xml.js
whxdata\package_58_xml.js
whxdata\package_59_xml.js
whxdata\package_60_xml.js
whxdata\package_61_xml.js
whxdata\package_62_xml.js
whxdata\package_63_xml.js
whxdata\package_64_xml.js
whxdata\package_65_xml.js
whxdata\package_66_xml.js
whxdata\package_67_xml.js
whxdata\package_68_xml.js
whxdata\package_69_xml.js
whxdata\package_70_xml.js
whxdata\package_71_xml.js
whxdata\package_72_xml.js
whxdata\package_73_xml.js
whxdata\package_74_xml.js
whxdata\package_75_xml.js
whxdata\package_76_xml.js
whxdata\package_77_xml.js
whxdata\package_78_xml.js
whxdata\package_79_xml.js
whxdata\package_80_xml.js
whxdata\package_81_xml.js
whxdata\package_82_xml.js
whxdata\package_83_xml.js
whxdata\package_84_xml.js
whxdata\package_85_xml.js
whxdata\package_86_xml.js
whxdata\package_87_xml.js
whxdata\package_88_xml.js
whxdata\package_89_xml.js
whxdata\package_90_xml.js
whxdata\package_91_xml.js
whxdata\package_92_xml.js
whxdata\package_93_xml.js
whxdata\package_94_xml.js
whxdata\package_95_xml.js
whxdata\package_96_xml.js
whxdata\package_97_xml.js
whxdata\package_98_xml.js
whxdata\package_99_xml.js
whxdata\package_100_xml.js
whxdata\package_101_xml.js
whxdata\package_102_xml.js
whxdata\package_103_xml.js
whxdata\package_104_xml.js
whxdata\package_105_xml.js
whxdata\package_106_xml.js
whxdata\package_107_xml.js
whxdata\package_108_xml.js
whxdata\package_109_xml.js
whxdata\package_110_xml.js
whxdata\package_111_xml.js
whxdata\package_112_xml.js
whxdata\package_113_xml.js
whxdata\package_114_xml.js
whxdata\package_115_xml.js
whxdata\package_116_xml.js
whxdata\package_117_xml.js
whxdata\package_118_xml.js
whxdata\package_119_xml.js
whxdata\package_120_xml.js
whxdata\package_121_xml.js
whxdata\package_122_xml.js
whxdata\package_123_xml.js
whxdata\package_124_xml.js
whxdata\package_125_xml.js
whxdata\package_126_xml.js
whxdata\package_127_xml.js
whxdata\package_128_xml.js
whxdata\package_129_xml.js
whxdata\package_130_xml.js
whxdata\package_131_xml.js
whxdata\package_132_xml.js
whxdata\package_133_xml.js
whxdata\package_134_xml.js
whxdata\package_135_xml.js
whxdata\package_136_xml.js
whxdata\package_137_xml.js
whxdata\package_138_xml.js
whxdata\package_139_xml.js
whxdata\package_140_xml.js
whxdata\package_141_xml.js
whxdata\package_142_xml.js
whxdata\package_143_xml.js
whxdata\package_144_xml.js
whxdata\package_145_xml.js
whxdata\package_146_xml.js
whxdata\package_147_xml.js
whxdata\package_148_xml.js
whxdata\package_149_xml.js
whxdata\package_150_xml.js
whxdata\package_151_xml.js
whxdata\package_152_xml.js
whxdata\package_153_xml.js
whxdata\package_154_xml.js
whxdata\package_155_xml.js
whxdata\package_156_xml.js
whxdata\package_157_xml.js
whxdata\package_158_xml.js
whxdata\package_159_xml.js
whxdata\package_160_xml.js
whxdata\package_161_xml.js
whxdata\package_162_xml.js
whxdata\package_163_xml.js
whxdata\package_164_xml.js
whxdata\package_165_xml.js
whxdata\package_166_xml.js
whxdata\package_167_xml.js
whxdata\package_168_xml.js
whxdata\package_169_xml.js
whxdata\package_170_xml.js
whxdata\packageindex_xml.js
whxdata\synonym.xml
whxdata\synonym_xml.js
whxdata\topictable_0_xml.js
whxdata\topictable_1_xml.js
whxdata\topictableindex_xml.js
whxdata\whfts.xml
whxdata\whfts_xml.js
whproj_xml.js
whxdata\whtoc_xml.js
whxdata\whidx_xml.js
whxdata\whglo_xml.js
resource\resource_xml.js
whbrs_xml.js
whres_xml.js
whcsh_xml.js
whxdata\whtdata0_xml.js
whdata\whtdata0.htm
whgdata\whlstt0.htm
whgdata\whlstt1.htm
whgdata\whlstt2.htm
whgdata\whlstt3.htm
whgdata\whlstt4.htm
whgdata\whlstt5.htm
whgdata\whlstt6.htm
whgdata\whlstt7.htm
whgdata\whlstt8.htm
whgdata\whlstt9.htm
whgdata\whlstt10.htm
whgdata\whlstt11.htm
whgdata\whlstt12.htm
whgdata\whlstt13.htm
whgdata\whlstt14.htm
whgdata\whlstt15.htm
whgdata\whlstt16.htm
whgdata\whlstt17.htm
whgdata\whlstt18.htm
whgdata\whlstt19.htm
whgdata\whlstt20.htm
whgdata\whlstt21.htm
whgdata\whlstt22.htm
whgdata\whlstt23.htm
whgdata\whlstt24.htm
whgdata\whlstt25.htm
whgdata\whlstt26.htm
whgdata\whlstt27.htm
whgdata\whlstt28.htm
whgdata\whlstt29.htm
whgdata\whlstt30.htm
whgdata\whlstt31.htm
whgdata\whlstt32.htm
whgdata\whlsti0.htm
whgdata\whlstfl0.htm
whgdata\whlstfl1.htm
whgdata\whlstfl2.htm
whgdata\whlstfl3.htm
whgdata\whlstfl4.htm
whgdata\whlstfl5.htm
whgdata\whlstfl6.htm
whgdata\whlstfl7.htm
whgdata\whlstfl8.htm
whgdata\whlstfl9.htm
whgdata\whlstfl10.htm
whgdata\whlstfl11.htm
whgdata\whlstfl12.htm
whgdata\whlstfl13.htm
whgdata\whlstfl14.htm
whgdata\whlstfl15.htm
whgdata\whlstfl16.htm
whgdata\whlstfl17.htm
whgdata\whlstfl18.htm
whgdata\whlstfl19.htm
whgdata\whlstfl20.htm
whgdata\whlstfl21.htm
whgdata\whlstfl22.htm
whgdata\whlstfl23.htm
whgdata\whlstfl24.htm
whgdata\whlstf0.htm
whgdata\whlstf1.htm
whgdata\whlstf2.htm
whgdata\whlstf3.htm
whgdata\whlstf4.htm
whgdata\whlstf5.htm
whgdata\whlstf6.htm
whgdata\whlstf7.htm
whgdata\whlstf8.htm
whgdata\whlstf9.htm
whgdata\whlstf10.htm
whgdata\whlstf11.htm
whgdata\whlstf12.htm
whgdata\whlstf13.htm
whgdata\whlstf14.htm
whgdata\whlstf15.htm
whgdata\whlstf16.htm
whgdata\whlstf17.htm
whgdata\whlstf18.htm
whgdata\whlstf19.htm
whgdata\whlstf20.htm
whgdata\whlstf21.htm
whgdata\whlstf22.htm
whgdata\whlstf23.htm
whgdata\whlstf24.htm
whgdata\whlstf25.htm
whgdata\whlstf26.htm
whgdata\whlstf27.htm
whgdata\whlstf28.htm
whgdata\whlstf29.htm
whgdata\whlstf30.htm
whgdata\whlstf31.htm
whgdata\whlstf32.htm
whgdata\whlstf33.htm
whgdata\whlstf34.htm
whgdata\whlstf35.htm
whgdata\whlstf36.htm
whgdata\whlstf37.htm
whgdata\whlstf38.htm
whgdata\whlstf39.htm
whgdata\whlstf40.htm
whgdata\whlstf41.htm
whgdata\whlstf42.htm
whgdata\whlstf43.htm
whgdata\whlstf44.htm
whgdata\whlstf45.htm
whgdata\whlstf46.htm
whgdata\whlstf47.htm
whgdata\whlstf48.htm
whgdata\whlstf49.htm
whgdata\whlstf50.htm
whgdata\whlstf51.htm
whgdata\whlstf52.htm
whgdata\whlstf53.htm
whgdata\whlstf54.htm
whgdata\whlstf55.htm
whgdata\whlstf56.htm
whgdata\whlstf57.htm
whgdata\whlstf58.htm
whgdata\whlstf59.htm
whgdata\whlstf60.htm
whgdata\whlstf61.htm
whgdata\whlstf62.htm
whgdata\whlstf63.htm
whgdata\whlstf64.htm
whgdata\whlstf65.htm
whgdata\whlstf66.htm
whgdata\whlstf67.htm
whgdata\whlstf68.htm
whgdata\whlstf69.htm
whgdata\whlstf70.htm
whgdata\whlstf71.htm
whgdata\whlstf72.htm
whgdata\whlstf73.htm
whgdata\whlstf74.htm
whgdata\whlstf75.htm
whgdata\whlstf76.htm
whgdata\whlstf77.htm
whgdata\whlstf78.htm
whgdata\whlstf79.htm
whgdata\whlstf80.htm
whgdata\whlstf81.htm
whgdata\whlstf82.htm
whgdata\whlstf83.htm
whgdata\whlstf84.htm
whgdata\whlstf85.htm
whgdata\whlstf86.htm
whgdata\whlstf87.htm
whgdata\whlstf88.htm
whgdata\whlstf89.htm
whgdata\whlstf90.htm
whgdata\whlstf91.htm
whgdata\whlstf92.htm
whgdata\whlstf93.htm
whgdata\whlstf94.htm
whgdata\whlstf95.htm
whgdata\whlstf96.htm
whgdata\whlstf97.htm
whgdata\whlstf98.htm
whgdata\whlstf99.htm
whgdata\whlstf100.htm
whgdata\whlstf101.htm
whgdata\whlstf102.htm
whgdata\whlstf103.htm
whgdata\whlstf104.htm
whgdata\whlstf105.htm
whgdata\whlstf106.htm
whgdata\whlstf107.htm
whgdata\whlstf108.htm
whgdata\whlstf109.htm
whgdata\whlstf110.htm
whgdata\whlstf111.htm
whgdata\whlstf112.htm
whgdata\whlstf113.htm
whgdata\whlstf114.htm
whgdata\whlstf115.htm
whgdata\whlstf116.htm
whgdata\whlstf117.htm
whgdata\whlstf118.htm
whgdata\whlstf119.htm
whgdata\whlstf120.htm
whgdata\whlstf121.htm
whgdata\whlstf122.htm
whgdata\whlstf123.htm
whgdata\whlstg0.htm
Index.htm
Index_csh.htm
Index_rhc.htm
