|SourceProjectName:SchoolMessenger 2015 Update.hpr
|DestinationProjectName:index.htm
index_hha.hhk
index.hhc
index.hhk
Broadcasts\Broadcast_Templates.htm
Classroom_Messaging\Classroom_Messaging_Overview.htm
Classroom_Messaging\Classroom_Messaging_Reports.htm
Classroom_Messaging\Creating_Custom_Comments.htm
Classroom_Messaging\Editing_Classroom_Comments.htm
Classroom_Messaging\Managing_Comments.htm
Classroom_Messaging\Scheduling_Classroom_Messaging.htm
Custom_Mobile_App_Integration\About_Custom_Mobile_Apps.htm
Custom_Mobile_App_Integration\Mapping_App_Categories_to_RSS_Feeds.htm
Custom_Mobile_App_Integration\Sending_Push_Notifications.htm
Email_Tracking\Maximizing_Data.htm
Email_Tracking\Overview.htm
Getting_Started\Send_a_Basic_Message.htm
Getting_Started\Start_Page.htm
Getting_Started\Welcome.htm
List_Builder\Add_Groups_Using_Rules.htm
List_Builder\Add_Individual_Contacts.htm
List_Builder\Create_a_List.htm
List_Builder\Overview.htm
List_Builder\Upload_a_List.htm
Message_Builder\Create_a_Message.htm
Message_Builder\Email_Message_Content.htm
Message_Builder\Facebook_Message_Content.htm
Message_Builder\Overview.htm
Message_Builder\Page_Message_Content.htm
Message_Builder\Phone_Message_Content.htm
Message_Builder\RSS_Feed_Content.htm
Message_Builder\SMS_Message_Content.htm
Message_Builder\Twitter_Message_Content.htm
PDFs\PDF_Guides.htm
Publish_and_Subscribe\Publish_and_Subscribe_Overview.htm
Quick_Tip\About_Quick_Tip.htm
Quick_Tip\Managing_User_Access.htm
Quick_Tip\Topic_Management.htm
Quick_Tip\Viewing_Tips.htm
Remote_Telephone_Access\Remote_Telephone_Access_Overview.htm
Remote_Telephone_Access\Remotely_Create_a_Multilingual_Job.htm
Remote_Telephone_Access\Remotely_Create_a_Single_Language_Job.htm
Reports\Call_Distribution_Report.htm
Reports\Contact_History_Report.htm
Reports\Email_Logs.htm
Reports\Querying_Report_Data.htm
Reports\Reports.htm
Reports\Saving_and_Scheduling_Reports.htm
Reports\SMS_Logs.htm
Reports\Social_Media_Logs.htm
Reports\Standard_Job_Reports.htm
Reports\Survey_Job_Reports.htm
Reports\Understanding_Call_Logs.htm
Reports\Usage_Stats_Report.htm
RSS_Syndication\Configuring_Your_RSS_Feed.htm
RSS_Syndication\Posting_to_an_RSS_Feed.htm
Secure_Document_Delivery\About_Secure_Document_Delivery.htm
Secure_Document_Delivery\Creating_a_New_Document.htm
Secure_Document_Delivery\Delivering_a_Document.htm
Sending_Emails\Email_Formatting.htm
SMS_Messaging\About_SMS_Messaging.htm
SMS_Messaging\Before_You_Send_an_SMS.htm
Social_Media\Creating_Pages.htm
Social_Media\Facebook.htm
Social_Media\Managing_Pages.htm
Social_Media\Twitter.htm
Stationery\Email_Stationery.htm
Stationery\Email_Stationery_Overview.htm
Stationery\Using_Stationery_in_Emails.htm
Surveys\Important_Tips_for_Creating_Surveys.htm
Surveys\Survey_Overview.htm
System_Administration\Data_Imports\The_Import_Manager.htm
System_Administration\Intro_Messages\Customizing_Intro_Messages.htm
System_Administration\Job_Monitoring\Notification_Monitoring.htm
System_Administration\Organization_Management\Managing_Organizations.htm
System_Administration\SmartCall\Using_SmartCall.htm
System_Administration\Subscriber_Feat\Configuring_the_Subscriber_Feature.htm
System_Administration\Subscriber_Feat\Setting_Up_Subscriber_Fields.htm
System_Administration\System_Settings\Blocking_Email_Addresses.htm
System_Administration\System_Settings\Blocking_Phone_Numbers.htm
System_Administration\System_Settings\Destination_Labels.htm
System_Administration\System_Settings\Job.htm
System_Administration\System_Settings\Managing_Caller_IDs.htm
System_Administration\System_Settings\System.htm
System_Administration\User_Management\Managing_Access_Profiles.htm
System_Administration\User_Management\Managing_User_Accounts.htm
Systemwide_Reports_and_Contacts\Systemwide_Reports.htm
Systemwide_Reports_and_Contacts\The_Contact_Database.htm
Systemwide_Reports_and_Contacts\Viewing_and_Editing_Contact_Details.htm
Tips_for_Effective_Communication\Communication_Ideas.htm
Tips_for_Effective_Communication\Messaging_Tips.htm
Tips_for_Effective_Communication\Simple_Message_Templates.htm
Advanced_Training.pdf
Configuring+Cisco+Caller+ID.pdf
Creating_a_Survey.pdf
Getting_Started.pdf
Quick_Start_for_New_Users.pdf
RemoteAccessPocketGuide.pdf
System_Administrator_Training_for_SchoolMessenger.pdf
index.glo
template\SM_CommSuite01\jquery.js
template\SM_CommSuite01\jqueryui-custom.js
template\SM_CommSuite01\overthrow.min.js
template\SM_CommSuite01\overthrow.sidescroller.min.js
template\SM_CommSuite01\layout.js
main.css
template\SM_CommSuite01\main.css
template\SM_CommSuite01\jqueryui-custom.css
template\SM_CommSuite01\topic_left.png
template\SM_CommSuite01\TOCTreeOpenBookHover.png
template\SM_CommSuite01\home_hover.png
template\SM_CommSuite01\home.png
template\SM_CommSuite01\toc_hover.png
template\SM_CommSuite01\toc.png
template\SM_CommSuite01\logo.png
template\SM_CommSuite01\ui-bg_glass_95_fef1ec_1x400.png
template\SM_CommSuite01\TOCTreeOpenBook.png
template\SM_CommSuite01\TOCNodeUp.png
template\SM_CommSuite01\TOCNodeOpenBook.png
template\SM_CommSuite01\search_buttonbar_small.png
template\SM_CommSuite01\topic.png
template\SM_CommSuite01\to_top.png
template\SM_CommSuite01\preview\functionbar.png
AdminCustomerDisplaySetting.jpg
AdminAddBroadcastType.jpg
AdminSettingsMain.jpg
AdminUsers.jpg
PasteFromWordButton.jpg
StationeryMessageBuilderPub.jpg
BroadcastReoprtSelect.jpg
UploadListID.jpg
light_bulb__exclamation.png
template\SM_CommSuite01\index.png
template\SM_CommSuite01\index_buttonbar_small.png
ClassroomMessagingContactHi.jpg
ClassroomMessagingSummary2.jpg
ClassroomMessagingSummary1.jpg
SocialMediaOptions.jpg
SDD-MyDocs.jpg
AddSMS.jpg
template\SM_CommSuite01\search_advanced_open.png
template\SM_CommSuite01\open_sidebar.png
template\SM_CommSuite01\preview\search.png
template\SM_CommSuite01\preview\header.png
StationeryFrozenBannerText.jpg
StationeryNewBannerText.jpg
QuickTipTopicManager.jpg
FeedURLGenerator.jpg
CMA-CreatePushContent.jpg
ReportsUsageStats.jpg
EmailLog.jpg
ListQuickPick.jpg
BroadcastWizAddRecip.jpg
MessageContentGrid.jpg
template\SM_CommSuite01\BSNext.png
template\SM_CommSuite01\BSBack.png
template\SM_CommSuite01\glo_hover.png
template\SM_CommSuite01\glo.png
template\SM_CommSuite01\TOCTreeCloseBook.png
template\SM_CommSuite01\TOCNodeCloseBook.png
template\SM_CommSuite01\icon_back_small.png
ClassroomMessageMainReport.jpg
ClassroomMessagingPickComme.jpg
BroadcastTemplatesBuilder.jpg
AdminSettingsSecurity.jpg
AdminSettingsSMSLabels.jpg
FeedWidgetGen.jpg
CMA-MapCategoriesToFeeds.jpg
SurveyReport.jpg
ReportBuilder.jpg
SurveyResults.jpg
ReportCallDistribution.jpg
GradeLevelList.jpg
NewBroadcastButton.jpg
MessageEditor.jpg
template\SM_CommSuite01\Print_hover.png
template\SM_CommSuite01\Print.png
template\SM_CommSuite01\index_hover.png
template\SM_CommSuite01\search_buttonbar_hover.png
template\SM_CommSuite01\preview\mobile_navigation.png
template\SM_CommSuite01\preview\tocnode.png
template\SM_CommSuite01\preview\toctree.png
TemplateEditor.jpg
EmailBlockedList.jpg
UploadListMapValues.jpg
AddressBook.jpg
MessageBuilder.jpg
template\SM_CommSuite01\close_sidebar.png
template\SM_CommSuite01\glo_buttonbar_small.png
template\SM_CommSuite01\toc_buttonbar_small.png
template\SM_CommSuite01\glo_buttonbar_hover.png
template\SM_CommSuite01\glo_buttonbar.png
template\SM_CommSuite01\toc_buttonbar_hover.png
template\SM_CommSuite01\toc_buttonbar.png
AdminSettingsEmailLabel.jpg
OrganizationManager.jpg
StationeryEditingAnEmail.jpg
FeedCategories.jpg
SocialMediaLog.jpg
AllStaffList.jpg
ListBuilder.jpg
BroadcastWiz3.jpg
BroadcastWiz2.jpg
BroadcastWiz1.jpg
FacebookLink.gif
GreenPlusIcon.jpg
template\SM_CommSuite01\BSNext_hover.png
template\SM_CommSuite01\BSBack_hover.png
template\SM_CommSuite01\topic_right.png
template\SM_CommSuite01\TOCTreePageSelected.png
template\SM_CommSuite01\TOCTreePageHover.png
template\SM_CommSuite01\TOCTreeCloseBookSelected.png
template\SM_CommSuite01\TOCTreeCloseBookHover.png
template\SM_CommSuite01\select_button.png
template\SM_CommSuite01\TOCTreePage.png
template\SM_CommSuite01\TOCNodePage.png
template\SM_CommSuite01\search_buttonbar.png
template\SM_CommSuite01\preview\specialpage.png
ClassroomMessagingTemplate.jpg
SelfSignup1.jpg
SelfSignup2.jpg
FeedWidgetFinal.jpg
MessageEditorPage.jpg
template\SM_CommSuite01\ui-icons_cd0a0a_256x240.png
template\SM_CommSuite01\ui-icons_2e83ff_256x240.png
template\SM_CommSuite01\ui-icons_f9bd01_256x240.png
template\SM_CommSuite01\ui-icons_217bc0_256x240.png
template\SM_CommSuite01\ui-icons_6da8d5_256x240.png
template\SM_CommSuite01\ui-icons_d8e7f3_256x240.png
template\SM_CommSuite01\ui-bg_gloss-wave_55_5c9ccc_500x100.png
template\SM_CommSuite01\ui-bg_flat_0_aaaaaa_40x100.png
template\SM_CommSuite01\ui-icons_469bdd_256x240.png
template\SM_CommSuite01\index_hover_buttonbar_small.png
template\SM_CommSuite01\switch.png
template\SM_CommSuite01\preview\index_mobile.png
template\SM_CommSuite01\preview\index.png
template\SM_CommSuite01\preview\sidebar.png
SmartCallStatus.jpg
SaveScheduleReport.jpg
template\SM_CommSuite01\ui-bg_flat_55_fbec88_40x100.png
template\SM_CommSuite01\ui-bg_inset-hard_100_f5f8f9_1x100.png
template\SM_CommSuite01\ui-bg_inset-hard_100_fcfdfd_1x100.png
template\SM_CommSuite01\animated-overlay.gif
SmartCallRoutePlan.jpg
AdminSettingsAlertMessage.jpg
AdminBroadcastTypes.jpg
AdminSettingsDisableRepeati.jpg
AdminPhoneLabels.jpg
SelfSignupAvailableFields.jpg
StationeryChangeImage.jpg
StationeryImageButton.jpg
ReportsTimeDistribution.gif
template\SM_CommSuite01\preview\glossary_mobile.png
AdminSettingsDisplay.jpg
AdminSettingsBroadcastSet.jpg
AdminImportNewImport.jpg
SDD-CreateNewDoc.jpg
PhoneLog.jpg
ListSearchRules.jpg
ListAddContact.jpg
ListEditor.jpg
AddFeed.jpg
AddPhoneWizardTTS4.jpg
AddPhoneWizardTTS3.jpg
template\SM_CommSuite01\Search.png
template\SM_CommSuite01\searchNext.png
template\SM_CommSuite01\searchBack.png
SelfSignupSelectField.jpg
MessageBuilderStationery.jpg
ContactHistoryReportOptions.jpg
SMSLogOptions.jpg
TwitterMessEditor.jpg
template\SM_CommSuite01\index_buttonbar_hover.png
BlockedDestinations.jpg
AdminImportInfo.jpg
StationeryNewColors.jpg
StationerySelectingLayout.jpg
SystemContacts.jpg
PhoneLogOptions.jpg
template\SM_CommSuite01\TOCTreeLinkSelected.png
template\SM_CommSuite01\TOCTreeLinkHover.png
template\SM_CommSuite01\TOCTreeOpenBookSelected.png
template\SM_CommSuite01\TOCTreeLink.png
template\SM_CommSuite01\TOCNodeLink.png
ClassroomMessageEditor.jpg
ClassroomMessagingMain.jpg
SmartCallResourceSchedule.jpg
PhoneBlockedList.jpg
QuickTipSubmission.jpg
Dashboard.jpg
AddFB.jpg
AdminImportFieldMapping.jpg
SystemwideContactDetailIcon.gif
SDD-CreateDeliveryEmail.jpg
important.gif
AllSchoolList.jpg
Page.jpg
template\SM_CommSuite01\TOCNodeUpSmall.png
BroadcastTemplatesonDashBoa.jpg
SelfSignupDefineData.jpg
BroadcastTipView.jpg
EmailLogOptions.jpg
add.png
SmartCallAuthAppliances.jpg
AdminFieldDefinitions.jpg
AdminUsersUserInformation.jpg
SystemContactEditContact.jpg
template\SM_CommSuite01\ui-bg_glass_75_d0e5f5_1x400.png
template\SM_CommSuite01\ui-bg_glass_85_dfeffc_1x400.png
template\SM_CommSuite01\search_advanced_closed.png
template\SM_CommSuite01\search_hover_buttonbar_small.png
template\SM_CommSuite01\glo_hover_buttonbar_small.png
template\SM_CommSuite01\toc_hover_buttonbar_small.png
template\SM_CommSuite01\index_buttonbar.png
template\SM_CommSuite01\preview\glossary.png
template\SM_CommSuite01\preview\global.png
ClassroomMessagingManager.jpg
AdminProfiles.jpg
AdminImports.jpg
StationeryUsingInEmail.jpg
StationeryThemeControlsEdit.jpg
StationeryWithNewImage.jpg
StationeryThemeManager.jpg
StationeryThemeControls.jpg
LinksNextToBroadcast.jpg
SMSLog.jpg
AddHTMLEmail.jpg
exclamation.png
RoboHHRE.lng
index.ppf
ehlpdhtm.js
SearchOptions.xml
whxdata\toc1.js
whxdata\toc2.js
whxdata\toc3.js
whxdata\toc4.js
whxdata\toc5.js
whxdata\toc6.js
whxdata\toc8.js
whxdata\toc7.js
whxdata\toc9.js
whxdata\toc10.js
whxdata\toc11.js
whxdata\toc12.js
whxdata\toc13.js
whxdata\toc14.js
whxdata\toc16.js
whxdata\toc17.js
whxdata\toc18.js
whxdata\toc15.js
whxdata\toc19.js
whxdata\toc20.js
whxdata\toc21.js
whxdata\toc22.js
whxdata\toc23.js
whxdata\toc24.js
whxdata\toc26.js
whxdata\toc27.js
whxdata\toc28.js
whxdata\toc29.js
whxdata\toc30.js
whxdata\toc31.js
whxdata\toc32.js
whxdata\toc33.js
whxdata\toc25.js
whxdata\toc.js
whxdata\idx.js
whxdata\glo.js
whxdata\package_0_xml.js
whxdata\package_1_xml.js
whxdata\package_2_xml.js
whxdata\package_3_xml.js
whxdata\package_4_xml.js
whxdata\package_5_xml.js
whxdata\package_6_xml.js
whxdata\package_7_xml.js
whxdata\package_8_xml.js
whxdata\package_9_xml.js
whxdata\package_10_xml.js
whxdata\package_11_xml.js
whxdata\package_12_xml.js
whxdata\package_13_xml.js
whxdata\package_14_xml.js
whxdata\package_15_xml.js
whxdata\package_16_xml.js
whxdata\package_17_xml.js
whxdata\package_18_xml.js
whxdata\package_19_xml.js
whxdata\package_20_xml.js
whxdata\package_21_xml.js
whxdata\package_22_xml.js
whxdata\package_23_xml.js
whxdata\package_24_xml.js
whxdata\package_25_xml.js
whxdata\package_26_xml.js
whxdata\package_27_xml.js
whxdata\package_28_xml.js
whxdata\package_29_xml.js
whxdata\package_30_xml.js
whxdata\package_31_xml.js
whxdata\package_32_xml.js
whxdata\package_33_xml.js
whxdata\package_34_xml.js
whxdata\package_35_xml.js
whxdata\package_36_xml.js
whxdata\package_37_xml.js
whxdata\packageindex_xml.js
whxdata\synonym.xml
whxdata\synonym_xml.js
whxdata\topictable_0_xml.js
whxdata\topictable_1_xml.js
whxdata\topictableindex_xml.js
whxdata\whfts.xml
whxdata\whfts_xml.js
whxdata\csh.js
whxdata\window.js
projectdata.js
