|SourceProjectName:CommSuite V.7 User Guide.hpr
|DestinationProjectName:CommSuite_User_Guide.htm
whhost.js
whmsg.js
whmozemu.js
whproxy.js
whstub.js
whutils.js
whver.js
whform.js
whphost.js
whstart.js
whtopic.js
whframes.js
whlang.js
XmlReadHelper.js
whskin_info.htm
whskin_blank.htm
whskin_pickup.htm
whskin_homepage.htm
whskin_tw.htm
whnjs.htm
whthost.js
whtdhtml.htm
whihost.js
whibody.htm
whiform.htm
whfhost.js
whfbody.htm
whfform.htm
whghost.js
whgbody.htm
whgdhtml.htm
whgdef.htm
whproj.js
whproj.xml
whproj.htm
whxdata\whtoc.xml
whxdata\whidx.xml
whxdata\whglo.xml
whdata\whtoc.js
whdata\whtoc.htm
whdata\whtdata.js
whdata\whidx.js
whdata\whidx.htm
whdata\whidata.js
whdata\whglo.js
whdata\whglo.htm
whdata\whgdata.js
resource\resource.xml
whbrs.xml
whres.xml
whgdata\whnvp30.htm
whgdata\whnvp31.htm
whgdata\whnvp32.htm
whgdata\whnvp33.htm
whgdata\whnvt30.htm
whgdata\whnvt31.htm
whgdata\whnvt32.htm
whgdata\whnvt33.htm
whgdata\whnvf30.htm
whgdata\whnvf31.htm
whgdata\whnvf32.htm
whgdata\whnvf33.htm
whgdata\whnvl31.htm
whgdata\whnvl32.htm
whgdata\whnvl33.htm
whgdata\whexpbar.gif
cshdat_webhelp.htm
whcsh_home.htm
whcshdata.htm
cshdat_robohelp.htm
wht_tab0.gif
wht_tab1.gif
wht_tab2.gif
wht_tab3.gif
wht_tab4.gif
wht_tab5.gif
wht_tab6.gif
wht_tab7.gif
wht_tab8.gif
wht_glo_h.gif
wht_glo_n.gif
wht_fts_h.gif
wht_fts_n.gif
wht_idx_h.gif
wht_idx_n.gif
wht_toc_h.gif
wht_toc_n.gif
wht_ws.gif
wht_ws_g.gif
wht_logo1.gif
wht_logo2.gif
wht_abgw.jpg
wht_abgi.jpg
wht_abge.jpg
wht_abtw.jpg
wht_abte.jpg
wht_abti.jpg
wht_spac.gif
wht_next.gif
wht_next_g.gif
wht_prev.gif
wht_prev_g.gif
wht_sync.gif
wht_hide.gif
wht_go.gif
whstart.ico
whestart.ico
whrstart.ico
whidhtml.htm
whfdhtml.htm
whskin_banner.htm
whtbar.js
book_open.png
book_go.png
magnifier.png
magnifier__arrow.png
navbackgound.gif
sidebar_grey.gif
world_link.png
book.png
page_white.png
whskin_pdhtml.htm
whskin_plist.htm
whskin_tbars.htm
whskin_mbars.htm
whskin_frmset010.htm
whst_topics.xml
whskin_frmset01.htm
CommSuite_User_Guide_hha.hhk
CommSuite_User_Guide.hhc
CommSuite_User_Guide.hhk
Broadcasts\Broadcast_Templates.htm
Classroom_Messaging\Classroom_Messaging_Overview.htm
Classroom_Messaging\Creating_Custom_Comments.htm
Classroom_Messaging\Editing_Classroom_Comments.htm
Classroom_Messaging\Managing_Comments.htm
Classroom_Messaging\Scheduling_Classroom_Messaging.htm
Getting_Started\Send_a_Basic_Message.htm
Getting_Started\Start_Page.htm
Getting_Started\Welcome.htm
List_Builder\Add_Groups_Using_Rules.htm
List_Builder\Add_Individual_Contacts.htm
List_Builder\Create_a_List.htm
List_Builder\Overview.htm
List_Builder\Upload_a_List.htm
Message_Builder\Create_a_Message.htm
Message_Builder\Email_Message_Content.htm
Message_Builder\Facebook_Message_Content.htm
Message_Builder\Overview.htm
Message_Builder\Page_Message_Content.htm
Message_Builder\Phone_Message_Content.htm
Message_Builder\RSS_Feed_Content.htm
Message_Builder\SMS_Message_Content.htm
Message_Builder\Twitter_Message_Content.htm
PDFs\PDF_Guides.htm
Publish_and_Subscribe\Publish_and_Subscribe_Overview.htm
Remote_Telephone_Access\Remote_Telephone_Access_Overview.htm
Remote_Telephone_Access\Remotely_Create_a_Multilingual_Job.htm
Remote_Telephone_Access\Remotely_Create_a_Single_Language_Job.htm
Reports\Call_Distribution_Report.htm
Reports\Contact_History_Report.htm
Reports\Email_Logs.htm
Reports\Querying_Report_Data.htm
Reports\Reports.htm
Reports\Saving_and_Scheduling_Reports.htm
Reports\SMS_Logs.htm
Reports\Social_Media_Logs.htm
Reports\Standard_Job_Reports.htm
Reports\Survey_Job_Reports.htm
Reports\Understanding_Call_Logs.htm
Reports\Usage_Stats_Report.htm
RSS_Syndication\Configuring_Your_RSS_Feed.htm
RSS_Syndication\Posting_to_an_RSS_Feed.htm
Sending_Emails\Email_Formatting.htm
SMS_Messaging\About_SMS_Messaging.htm
SMS_Messaging\Before_You_Send_an_SMS.htm
Social_Media\Creating_Pages.htm
Social_Media\Facebook.htm
Social_Media\Managing_Pages.htm
Social_Media\Twitter.htm
Stationery\Email_Stationery.htm
Stationery\Email_Stationery_Overview.htm
Stationery\Using_Stationery_in_Emails.htm
Surveys\Important_Tips_for_Creating_Surveys.htm
Surveys\Survey_Overview.htm
System_Administration\Data_Imports\The_Import_Manager.htm
System_Administration\Intro_Messages\Customizing_Intro_Messages.htm
System_Administration\Job_Monitoring\Notification_Monitoring.htm
System_Administration\Organization_Management\Managing_Organizations.htm
System_Administration\SmartCall\Using_SmartCall.htm
System_Administration\Subscriber_Feat\Configuring_the_Subscriber_Feature.htm
System_Administration\Subscriber_Feat\Setting_Up_Subscriber_Fields.htm
System_Administration\System_Settings\Blocking_Email_Addresses.htm
System_Administration\System_Settings\Blocking_Phone_Numbers.htm
System_Administration\System_Settings\Destination_Labels.htm
System_Administration\System_Settings\Job.htm
System_Administration\System_Settings\Managing_Caller_IDs.htm
System_Administration\System_Settings\System.htm
System_Administration\User_Management\Managing_Access_Profiles.htm
System_Administration\User_Management\Managing_User_Accounts.htm
Systemwide_Reports_and_Contacts\Systemwide_Reports.htm
Systemwide_Reports_and_Contacts\The_Contact_Database.htm
Systemwide_Reports_and_Contacts\Viewing_and_Editing_Contact_Details.htm
Tips_for_Effective_Communication\Communication_Ideas.htm
Tips_for_Effective_Communication\Messaging_Tips.htm
Tips_for_Effective_Communication\Simple_Message_Templates.htm
Advanced_Training.pdf
Configuring+Cisco+Caller+ID.pdf
Creating_a_Survey.pdf
Getting_Started.pdf
Quick_Start_for_New_Users.pdf
RemoteAccessPocketGuide.pdf
System_Administrator_Training_for_SchoolMessenger.pdf
CommSuite_User_Guide.glo
main.css
StationeryThemeControlsEdit.jpg
ClassroomMessagingManager.jpg
GradeLevelList.jpg
ListSearchRules.jpg
ListAddContact.jpg
BroadcastWiz1.jpg
Dashboard.jpg
SystemContactEditContact.jpg
SmartCallResourceSchedule.jpg
OrganizationManager.jpg
AdminPhoneLabels.jpg
important.gif
StationerySelectingLayout.jpg
ClassroomMessageEditor.jpg
pastefromword.gif
MessageEditor.jpg
BroadcastWiz2.jpg
AdminBroadcastTypes.jpg
AdminImportFieldMapping.jpg
AdminProfilesEditor.jpg
StationeryWithNewImage.jpg
StationeryThemeManager.jpg
MessageBuilderStationery.jpg
MessageContentGrid.jpg
MessageEditorPage.jpg
BroadcastWiz3.jpg
EmailLog.jpg
EmailLogOptions.jpg
SelfSignupSelectField.jpg
BlockedDestinations.jpg
AllStaffList.jpg
AddFeed.jpg
FeedWidgetGen.jpg
StationeryUsingInEmail.jpg
AddSMS.jpg
AddPhoneWizardTTS3.jpg
BroadcastTemplatesBuilder.jpg
AdminSettingsEmailLabel.jpg
AdminSettingsMain.jpg
AdminImportInfo.jpg
Page.jpg
AddFB.jpg
AddPhoneWizardTTS4.jpg
NewBroadcastButton.jpg
SurveyResults.jpg
PhoneBlockedList.jpg
AdminSettingsSMSLabels.jpg
AdminCustomerDisplaySetting.jpg
AdminImportNewImport.jpg
light_bulb__exclamation.png
FeedWidgetFinal.jpg
BroadcastTemplatesonDashBoa.jpg
ReportCallDistribution.jpg
SocialMediaOptions.jpg
AdminSettingsDisplay.jpg
add.png
StationeryFrozenBannerText.jpg
AddHTMLEmail.jpg
MessageBuilder.jpg
PhoneLog.jpg
exclamation.png
ListBuilder.jpg
SurveyReport.jpg
SmartCallAuthAppliances.jpg
SelfSignupDefineData.jpg
AdminAddBroadcastType.jpg
AdminUsersUserInformation.jpg
ClassroomMessagingMain.jpg
AddressBook.jpg
AdminSettingsBroadcastSet.jpg
AdminUsers.jpg
StationeryThemeControls.jpg
FeedURLGenerator.jpg
ReportsUsageStats.jpg
EmailBlockedList.jpg
AllSchoolList.jpg
AdminSettingsDisableRepeati.jpg
PasteFromWordButton.jpg
ListQuickPick.jpg
LinksNextToBroadcast.jpg
ContactHistoryReportOptions.jpg
SystemContacts.jpg
SmartCallRoutePlan.jpg
SmartCallStatus.jpg
SelfSignup1.jpg
SystemwideContactDetailIcon.gif
ReportsTimeDistribution.gif
SocialMediaLog.jpg
StationeryEditingAnEmail.jpg
StationeryImageButton.jpg
StationeryMessageBuilderPub.jpg
StationeryNewBannerText.jpg
UploadListMapValues.jpg
ReportBuilder.jpg
SelfSignup2.jpg
AdminFieldDefinitions.jpg
FacebookLink.gif
UploadListID.jpg
ListEditor.jpg
TwitterMessEditor.jpg
GreenPlusIcon.jpg
BroadcastReoprtSelect.jpg
SelfSignupAvailableFields.jpg
StationeryChangeImage.jpg
TemplateEditor.jpg
AdminSettingsSecurity.jpg
AdminProfiles.jpg
PasteFromWord.jpg
StationeryNewColors.jpg
ClassroomMessagingPickComme.jpg
FeedCategories.jpg
SMSLog.jpg
SaveScheduleReport.jpg
SMSLogOptions.jpg
PhoneLogOptions.jpg
AdminSettingsAlertMessage.jpg
AdminImports.jpg
CommSuite_User_Guide.ppf
ehlpdhtm.js
SearchOptions.xml
RoboHHRE.lng
whxdata\package_0.xml
whxdata\package_1.xml
whxdata\package_2.xml
whxdata\package_3.xml
whxdata\package_4.xml
whxdata\package_5.xml
whxdata\package_6.xml
whxdata\package_7.xml
whxdata\package_8.xml
whxdata\package_9.xml
whxdata\package_10.xml
whxdata\package_11.xml
whxdata\package_12.xml
whxdata\package_13.xml
whxdata\package_14.xml
whxdata\package_15.xml
whxdata\package_16.xml
whxdata\package_17.xml
whxdata\package_18.xml
whxdata\package_19.xml
whxdata\package_20.xml
whxdata\package_21.xml
whxdata\package_22.xml
whxdata\package_23.xml
whxdata\package_24.xml
whxdata\package_25.xml
whxdata\package_26.xml
whxdata\package_27.xml
whxdata\package_28.xml
whxdata\package_29.xml
whxdata\package_30.xml
whxdata\package_31.xml
whxdata\package_32.xml
whxdata\package_33.xml
whxdata\package_34.xml
whxdata\package_35.xml
whxdata\package_36.xml
whxdata\package_37.xml
whxdata\package_38.xml
whxdata\package_39.xml
whxdata\package_40.xml
whxdata\package_41.xml
whxdata\package_42.xml
whxdata\package_43.xml
whxdata\package_44.xml
whxdata\package_45.xml
whxdata\package_46.xml
whxdata\package_47.xml
whxdata\package_48.xml
whxdata\package_49.xml
whxdata\package_50.xml
whxdata\package_51.xml
whxdata\package_52.xml
whxdata\package_53.xml
whxdata\package_54.xml
whxdata\package_55.xml
whxdata\package_56.xml
whxdata\package_57.xml
whxdata\package_58.xml
whxdata\package_59.xml
whxdata\package_60.xml
whxdata\package_61.xml
whxdata\package_62.xml
whxdata\package_63.xml
whxdata\package_64.xml
whxdata\package_65.xml
whxdata\package_66.xml
whxdata\package_67.xml
whxdata\package_68.xml
whxdata\package_69.xml
whxdata\package_70.xml
whxdata\package_71.xml
whxdata\package_72.xml
whxdata\package_73.xml
whxdata\package_74.xml
whxdata\package_75.xml
whxdata\package_76.xml
whxdata\package_77.xml
whxdata\package_78.xml
whxdata\package_79.xml
whxdata\package_80.xml
whxdata\package_81.xml
whxdata\package_82.xml
whxdata\package_83.xml
whxdata\package_84.xml
whxdata\package_85.xml
whxdata\package_86.xml
whxdata\package_87.xml
whxdata\package_88.xml
whxdata\package_89.xml
whxdata\package_90.xml
whxdata\package_91.xml
whxdata\package_92.xml
whxdata\package_93.xml
whxdata\package_94.xml
whxdata\package_95.xml
whxdata\package_96.xml
whxdata\package_97.xml
whxdata\package_98.xml
whxdata\package_99.xml
whxdata\package_100.xml
whxdata\package_101.xml
whxdata\package_102.xml
whxdata\package_103.xml
whxdata\package_104.xml
whxdata\package_105.xml
whxdata\package_106.xml
whxdata\package_107.xml
whxdata\package_108.xml
whxdata\package_109.xml
whxdata\package_110.xml
whxdata\package_111.xml
whxdata\package_112.xml
whxdata\package_113.xml
whxdata\package_114.xml
whxdata\package_115.xml
whxdata\package_116.xml
whxdata\package_117.xml
whxdata\package_118.xml
whxdata\package_119.xml
whxdata\package_120.xml
whxdata\package_121.xml
whxdata\package_122.xml
whxdata\package_123.xml
whxdata\package_124.xml
whxdata\package_125.xml
whxdata\package_126.xml
whxdata\package_127.xml
whxdata\package_128.xml
whxdata\package_129.xml
whxdata\package_130.xml
whxdata\package_131.xml
whxdata\package_132.xml
whxdata\package_133.xml
whxdata\package_134.xml
whxdata\package_135.xml
whxdata\package_136.xml
whxdata\package_137.xml
whxdata\package_138.xml
whxdata\package_139.xml
whxdata\package_140.xml
whxdata\package_141.xml
whxdata\package_142.xml
whxdata\package_143.xml
whxdata\package_144.xml
whxdata\package_145.xml
whxdata\package_146.xml
whxdata\package_147.xml
whxdata\package_148.xml
whxdata\package_149.xml
whxdata\package_150.xml
whxdata\package_151.xml
whxdata\package_152.xml
whxdata\package_153.xml
whxdata\package_154.xml
whxdata\package_155.xml
whxdata\package_156.xml
whxdata\package_157.xml
whxdata\package_158.xml
whxdata\package_159.xml
whxdata\package_160.xml
whxdata\package_161.xml
whxdata\packageindex.xml
whxdata\synonym.xml
whxdata\topictable_0.xml
whxdata\topictable_1.xml
whxdata\topictableindex.xml
whxdata\whfts.xml
whxdata\whtdata0.xml
whdata\whtdata0.htm
whgdata\whlstt0.htm
whgdata\whlstt1.htm
whgdata\whlstt2.htm
whgdata\whlstt3.htm
whgdata\whlstt4.htm
whgdata\whlstt5.htm
whgdata\whlstt6.htm
whgdata\whlstt7.htm
whgdata\whlstt8.htm
whgdata\whlstt9.htm
whgdata\whlstt10.htm
whgdata\whlstt11.htm
whgdata\whlstt12.htm
whgdata\whlstt13.htm
whgdata\whlstt14.htm
whgdata\whlstt15.htm
whgdata\whlstt16.htm
whgdata\whlstt17.htm
whgdata\whlstt18.htm
whgdata\whlstt19.htm
whgdata\whlstt20.htm
whgdata\whlstt21.htm
whgdata\whlstt22.htm
whgdata\whlstt23.htm
whgdata\whlstt24.htm
whgdata\whlstt25.htm
whgdata\whlstt26.htm
whgdata\whlstt27.htm
whgdata\whlstt28.htm
whgdata\whlstt29.htm
whgdata\whlsti0.htm
whgdata\whlstfl0.htm
whgdata\whlstfl1.htm
whgdata\whlstfl2.htm
whgdata\whlstfl3.htm
whgdata\whlstfl4.htm
whgdata\whlstfl5.htm
whgdata\whlstfl6.htm
whgdata\whlstfl7.htm
whgdata\whlstfl8.htm
whgdata\whlstfl9.htm
whgdata\whlstfl10.htm
whgdata\whlstfl11.htm
whgdata\whlstfl12.htm
whgdata\whlstfl13.htm
whgdata\whlstfl14.htm
whgdata\whlstfl15.htm
whgdata\whlstfl16.htm
whgdata\whlstfl17.htm
whgdata\whlstfl18.htm
whgdata\whlstfl19.htm
whgdata\whlstfl20.htm
whgdata\whlstfl21.htm
whgdata\whlstfl22.htm
whgdata\whlstfl23.htm
whgdata\whlstfl24.htm
whgdata\whlstf0.htm
whgdata\whlstf1.htm
whgdata\whlstf2.htm
whgdata\whlstf3.htm
whgdata\whlstf4.htm
whgdata\whlstf5.htm
whgdata\whlstf6.htm
whgdata\whlstf7.htm
whgdata\whlstf8.htm
whgdata\whlstf9.htm
whgdata\whlstf10.htm
whgdata\whlstf11.htm
whgdata\whlstf12.htm
whgdata\whlstf13.htm
whgdata\whlstf14.htm
whgdata\whlstf15.htm
whgdata\whlstf16.htm
whgdata\whlstf17.htm
whgdata\whlstf18.htm
whgdata\whlstf19.htm
whgdata\whlstf20.htm
whgdata\whlstf21.htm
whgdata\whlstf22.htm
whgdata\whlstf23.htm
whgdata\whlstf24.htm
whgdata\whlstf25.htm
whgdata\whlstf26.htm
whgdata\whlstf27.htm
whgdata\whlstf28.htm
whgdata\whlstf29.htm
whgdata\whlstf30.htm
whgdata\whlstf31.htm
whgdata\whlstf32.htm
whgdata\whlstf33.htm
whgdata\whlstf34.htm
whgdata\whlstf35.htm
whgdata\whlstf36.htm
whgdata\whlstf37.htm
whgdata\whlstf38.htm
whgdata\whlstf39.htm
whgdata\whlstf40.htm
whgdata\whlstf41.htm
whgdata\whlstf42.htm
whgdata\whlstf43.htm
whgdata\whlstf44.htm
whgdata\whlstf45.htm
whgdata\whlstf46.htm
whgdata\whlstf47.htm
whgdata\whlstf48.htm
whgdata\whlstf49.htm
whgdata\whlstf50.htm
whgdata\whlstf51.htm
whgdata\whlstf52.htm
whgdata\whlstf53.htm
whgdata\whlstf54.htm
whgdata\whlstf55.htm
whgdata\whlstf56.htm
whgdata\whlstf57.htm
whgdata\whlstf58.htm
whgdata\whlstf59.htm
whgdata\whlstf60.htm
whgdata\whlstf61.htm
whgdata\whlstf62.htm
whgdata\whlstf63.htm
whgdata\whlstf64.htm
whgdata\whlstf65.htm
whgdata\whlstf66.htm
whgdata\whlstf67.htm
whgdata\whlstf68.htm
whgdata\whlstf69.htm
whgdata\whlstf70.htm
whgdata\whlstf71.htm
whgdata\whlstf72.htm
whgdata\whlstf73.htm
whgdata\whlstf74.htm
whgdata\whlstf75.htm
whgdata\whlstf76.htm
whgdata\whlstf77.htm
whgdata\whlstf78.htm
whgdata\whlstf79.htm
whgdata\whlstf80.htm
whgdata\whlstf81.htm
whgdata\whlstf82.htm
whgdata\whlstf83.htm
whgdata\whlstf84.htm
whgdata\whlstf85.htm
whgdata\whlstf86.htm
whgdata\whlstf87.htm
whgdata\whlstf88.htm
whgdata\whlstf89.htm
whgdata\whlstf90.htm
whgdata\whlstf91.htm
whgdata\whlstf92.htm
whgdata\whlstf93.htm
whgdata\whlstf94.htm
whgdata\whlstf95.htm
whgdata\whlstf96.htm
whgdata\whlstf97.htm
whgdata\whlstf98.htm
whgdata\whlstf99.htm
whgdata\whlstf100.htm
whgdata\whlstf101.htm
whgdata\whlstf102.htm
whgdata\whlstf103.htm
whgdata\whlstf104.htm
whgdata\whlstf105.htm
whgdata\whlstf106.htm
whgdata\whlstf107.htm
whgdata\whlstf108.htm
whgdata\whlstf109.htm
whgdata\whlstf110.htm
whgdata\whlstf111.htm
whgdata\whlstf112.htm
whgdata\whlstf113.htm
whgdata\whlstf114.htm
whgdata\whlstf115.htm
whgdata\whlstf116.htm
whgdata\whlstf117.htm
whgdata\whlstg0.htm
CommSuite_User_Guide.htm
CommSuite_User_Guide_csh.htm
CommSuite_User_Guide_rhc.htm
