template\scripts\rh.min.js
template\scripts\common.min.js
template\scripts\topic.min.js
template\scripts\constants.js
template\scripts\utils.js
template\scripts\mhutils.js
template\scripts\mhlang.js
template\scripts\mhver.js
template\scripts\settings.js
template\scripts\xmljsreader.js
template\scripts\loadparentdata.js
template\scripts\loadscreen.js
template\scripts\loadprojdata.js
template\scripts\mhtopic.js
glossary1.htm
index2.htm
searchresults1.htm
table_of_contents1.htm
template\scripts\layout.min.js
template\scripts\projectdata.js
template\scripts\loadcsh.js
template\scripts\showhidecontrols.js
template\scripts\pageloader.js
template\resources\loadingdata.gif
template\scripts\toctree.js
template\scripts\toctreeloader4.js
template\resources\toctreeclosebook.png
template\resources\toctreeclosebookhover.png
template\resources\toctreeclosebookselected.png
template\resources\toctreelink.png
template\resources\toctreelinkhover.png
template\resources\toctreelinkselected.png
template\resources\toctreeopenbook.png
template\resources\toctreeopenbookhover.png
template\resources\toctreeopenbookselected.png
template\resources\toctreepage.png
template\resources\toctreepagehover.png
template\resources\toctreepageselected.png
template\scripts\indextree.js
template\scripts\indextreeloader5.js
template\scripts\glossarylist.js
template\scripts\glossarylistloader5.js
template\styles\layoutfix.min.css
template\resources\search.png
template\scripts\searchfield.js
template\resources\bsback.png
template\resources\bsnext.png
template\scripts\tabpanels5.js
SMicon50px.png
template\scripts\toctreeloader5.js
template\scripts\indextreeloader6.js
template\scripts\glossarylistloader6.js
template\scripts\tabpanels6.js
template\scripts\toctreeloader6.js
template\scripts\indextreeloader7.js
template\scripts\glossarylistloader7.js
template\scripts\tabpanels7.js
template\scripts\andsearchfield1.js
template\scripts\toctreeloader7.js
template\scripts\indextreeloader8.js
template\scripts\glossarylistloader8.js
template\scripts\mhfhost.js
template\scripts\search.js
template\scripts\tabpanels8.js
template\scripts\tocdrilldown.js
template\scripts\tocdrilldownloader1.js
template\resources\tocnodeclosebook.png
template\resources\tocnodeclosebookhover.png
template\resources\tocnodeclosebookselected.png
template\resources\tocnodelink.png
template\resources\tocnodelinkhover.png
template\resources\tocnodelinkselected.png
template\resources\tocnodeopenbook.png
template\resources\tocnodeopenbookhover.png
template\resources\tocnodeopenbookselected.png
template\resources\tocnodepage.png
template\resources\tocnodepagehover.png
template\resources\tocnodepageselected.png
template\resources\tocnodeup.png
template\scripts\indextreeloader9.js
template\scripts\glossarylistloader9.js
template\scripts\tabpanels9.js
